<?xml version="1.0" encoding="utf-8"?><testsuites><testsuite name="pytest" errors="0" failures="0" skipped="0" tests="7" time="0.245" timestamp="2022-07-09T16:21:53.776288" hostname="e17d7f5c56c1"><testcase classname="test_server" name="test_index" time="0.018" /><testcase classname="test_server" name="test_GET" time="0.007" /><testcase classname="test_server" name="test_POST" time="0.025" /><testcase classname="test_server" name="test_DELETE" time="0.013" /><testcase classname="test_server" name="test_POST_missing_fields" time="0.004" /><testcase classname="test_server" name="test_GET_cors" time="0.005" /><testcase classname="test_server" name="test_OPTIONS_cors" time="0.005" /></testsuite></testsuites>