<?xml version="1.0" encoding="utf-8"?><testsuites><testsuite name="pytest" errors="0" failures="0" skipped="0" tests="7" time="0.195" timestamp="2022-07-12T12:35:21.536473" hostname="142feffebd86"><testcase classname="test_server" name="test_index" time="0.014" /><testcase classname="test_server" name="test_GET" time="0.004" /><testcase classname="test_server" name="test_POST" time="0.016" /><testcase classname="test_server" name="test_DELETE" time="0.010" /><testcase classname="test_server" name="test_POST_missing_fields" time="0.003" /><testcase classname="test_server" name="test_GET_cors" time="0.003" /><testcase classname="test_server" name="test_OPTIONS_cors" time="0.004" /></testsuite></testsuites>