<?xml version="1.0" encoding="utf-8"?><testsuites><testsuite name="pytest" errors="0" failures="0" skipped="0" tests="7" time="0.202" timestamp="2022-07-12T13:21:06.081826" hostname="df2b6414db1a"><testcase classname="test_server" name="test_index" time="0.017" /><testcase classname="test_server" name="test_GET" time="0.006" /><testcase classname="test_server" name="test_POST" time="0.015" /><testcase classname="test_server" name="test_DELETE" time="0.011" /><testcase classname="test_server" name="test_POST_missing_fields" time="0.003" /><testcase classname="test_server" name="test_GET_cors" time="0.003" /><testcase classname="test_server" name="test_OPTIONS_cors" time="0.004" /></testsuite></testsuites>