<?xml version="1.0" encoding="utf-8"?><testsuites><testsuite name="pytest" errors="0" failures="2" skipped="0" tests="7" time="0.215" timestamp="2022-07-12T12:18:23.015481" hostname="04bbe845603c"><testcase classname="test_server" name="test_index" time="0.013" /><testcase classname="test_server" name="test_GET" time="0.003" /><testcase classname="test_server" name="test_POST" time="0.014" /><testcase classname="test_server" name="test_DELETE" time="0.012"><failure message="AssertionError: assert 831170 not in frozenset({'2', 831170, 161365, '1'})&#10; +  where frozenset({'2', 831170, 161365, '1'}) = frozenset(&lt;generator object test_DELETE.&lt;locals&gt;.&lt;genexpr&gt; at 0x7fa30651d3f0&gt;)">ENDPOINT = 'http://server:8000'

    def test_DELETE(ENDPOINT):
        """
        DELETE removes an attendee
        (GET and POST must be implemented)
        """
        _id = random.randint(0, 999999)
        ATTENDEE = {'id': _id, 'name': f'test {_id}', 'notes': f'some notes {_id}'}
        response = requests.post(f'{ENDPOINT}/attendee', json=ATTENDEE)
    
        response = requests.get(f'{ENDPOINT}/attendees')
        assert _id in frozenset(attendee['id'] for attendee in response.json())
    
        response = requests.delete(f'{ENDPOINT}/attendee/{_id}')
    
        response = requests.get(f'{ENDPOINT}/attendees')
&gt;       assert _id not in frozenset(attendee['id'] for attendee in response.json())
E       AssertionError: assert 831170 not in frozenset({'2', 831170, 161365, '1'})
E        +  where frozenset({'2', 831170, 161365, '1'}) = frozenset(&lt;generator object test_DELETE.&lt;locals&gt;.&lt;genexpr&gt; at 0x7fa30651d3f0&gt;)

test_server.py:52: AssertionError</failure></testcase><testcase classname="test_server" name="test_POST_missing_fields" time="0.004"><failure message="assert 500 == 405&#10; +  where 500 = &lt;Response [500]&gt;.status_code">ENDPOINT = 'http://server:8000'

    def test_POST_missing_fields(ENDPOINT):
        ATTENDEE = {"a": 1}
        response = requests.post(f'{ENDPOINT}/attendee', json=ATTENDEE)
&gt;       assert response.status_code == 405
E       assert 500 == 405
E        +  where 500 = &lt;Response [500]&gt;.status_code

test_server.py:58: AssertionError</failure></testcase><testcase classname="test_server" name="test_GET_cors" time="0.003" /><testcase classname="test_server" name="test_OPTIONS_cors" time="0.004" /></testsuite></testsuites>